2023-08-05T02:43:23+00:00 DEBUG Tt4b_Pixel_Class::inject_view_content_event: hit ViewContent
2023-08-05T02:43:23+00:00 DEBUG Tt4b_Pixel_Class::inject_view_content_event: Missing option "access_token"
2023-08-05T02:44:06+00:00 DEBUG Tt4b_Pixel_Class::inject_view_content_event: hit ViewContent
2023-08-05T02:44:06+00:00 DEBUG Tt4b_Pixel_Class::inject_view_content_event: Missing option "access_token"
2023-08-05T03:11:11+00:00 DEBUG Tt4b_Pixel_Class::inject_view_content_event: hit ViewContent
2023-08-05T03:11:11+00:00 DEBUG Tt4b_Pixel_Class::inject_view_content_event: Missing option "access_token"
2023-08-05T03:11:11+00:00 DEBUG Tt4b_Pixel_Class::inject_view_content_event: hit ViewContent
2023-08-05T03:11:11+00:00 DEBUG Tt4b_Pixel_Class::inject_view_content_event: Missing option "access_token"
2023-08-05T03:43:51+00:00 DEBUG Tt4b_Pixel_Class::inject_view_content_event: hit ViewContent
2023-08-05T03:43:51+00:00 DEBUG Tt4b_Pixel_Class::inject_view_content_event: Missing option "access_token"
2023-08-05T03:44:11+00:00 DEBUG Tt4b_Pixel_Class::inject_view_content_event: hit ViewContent
2023-08-05T03:44:11+00:00 DEBUG Tt4b_Pixel_Class::inject_view_content_event: Missing option "access_token"
2023-08-05T03:44:42+00:00 DEBUG Tt4b_Pixel_Class::inject_view_content_event: hit ViewContent
2023-08-05T03:44:42+00:00 DEBUG Tt4b_Pixel_Class::inject_view_content_event: Missing option "access_token"
2023-08-05T03:44:45+00:00 DEBUG Tt4b_Pixel_Class::inject_view_content_event: hit ViewContent
2023-08-05T03:44:45+00:00 DEBUG Tt4b_Pixel_Class::inject_view_content_event: Missing option "access_token"
2023-08-05T04:03:59+00:00 DEBUG Tt4b_Pixel_Class::inject_view_content_event: hit ViewContent
2023-08-05T04:03:59+00:00 DEBUG Tt4b_Pixel_Class::inject_view_content_event: Missing option "access_token"
2023-08-05T05:47:06+00:00 DEBUG Tt4b_Pixel_Class::inject_view_content_event: hit ViewContent
2023-08-05T05:47:06+00:00 DEBUG Tt4b_Pixel_Class::inject_view_content_event: Missing option "access_token"
2023-08-05T06:25:42+00:00 DEBUG Tt4b_Pixel_Class::inject_view_content_event: hit ViewContent
2023-08-05T06:25:42+00:00 DEBUG Tt4b_Pixel_Class::inject_view_content_event: Missing option "access_token"
2023-08-05T07:08:16+00:00 DEBUG Tt4b_Pixel_Class::inject_view_content_event: hit ViewContent
2023-08-05T07:08:16+00:00 DEBUG Tt4b_Pixel_Class::inject_view_content_event: Missing option "access_token"
2023-08-05T07:16:07+00:00 DEBUG Tt4b_Pixel_Class::inject_view_content_event: hit ViewContent
2023-08-05T07:16:07+00:00 DEBUG Tt4b_Pixel_Class::inject_view_content_event: Missing option "access_token"
2023-08-05T11:33:07+00:00 DEBUG POST: https://business-api.tiktok.com/open_api/v1.2/tbp/business_profile/store/update/

{"business_platform":"WOO_COMMERCE","external_business_id":"tt4b_woocommerce_64a57aab6face","net_gmv":[{"interval":"LIFETIME","max":9220,"min":9220,"unit":"CURRENCY"}],"net_order_count":[{"interval":"LIFETIME","max":4,"min":4,"unit":"COUNT"}],"tenure":{"min":50,"max":50,"unit":"DAYS"},"extra_data":"{\"version\":\"1.1.2\"}"}
 ajax: no
2023-08-05T11:33:08+00:00 DEBUG Tt4b_Mapi_Class::mapi_post: Response: 

HTTP/1.1 200 OK
Server: nginx
Content-Type: application/json; charset=utf-8
Content-Length: 103
X-Api-Deprecation-Info: API for Business Version 1.3 is now live. To avoid disruption to your business, we recommend you migrate all calls to v1.3 as soon as possible. Please visit our migration guide for more details: https://ads.tiktok.com/marketing_api/docs?id=1740029169927169
X-Domain-Change-Info: We have moved to the new domain business-api.tiktok.com for API services after the Platform Upgrade on 09/30/2021. Please update all of your requests with the new domain if you haven't done so already. For more information, please visit https://ads.tiktok.com/marketing_api/docs?rid=esb88xalm6m&id=1709207085043713
X-Tt-Logid: 20230805113307BB8C21344307296B9FF1
x-tt-trace-host: 01d3f9a5fdff9eaa31a616eef25956ff67976bc2ff15c9aa49a94f70d25ee9488dc4a813cafc12c4ef05edb2a92d980752eb32751f36d998bd6444cc2c7a7576c3d14704a6e9bdd0f10f0fee27355e66b855f7862642e2315f3bb3ec1082080d58d336ba9f098ad9c8e80a70664933861c
X-Origin-Response-Time: 7,23.47.190.69
X-Akamai-Request-ID: 8dfb8c98.de1308e
Expires: Sat, 05 Aug 2023 11:33:08 GMT
Cache-Control: max-age=0, no-cache, no-store
Pragma: no-cache
Date: Sat, 05 Aug 2023 11:33:08 GMT
X-Cache: TCP_MISS from a23-210-250-183.deploy.akamaitechnologies.com (AkamaiGHost/11.2.1-50147064) (-)
Connection: close
X-Cache-Remote: TCP_MISS from a23-47-190-69.deploy.akamaitechnologies.com (AkamaiGHost/11.2.0-49822201) (-)
x-tt-trace-tag: id=16;cdn-cache=miss;type=dyn
Server-Timing: cdn-cache; desc=MISS, edge; dur=4, origin; dur=7
Server-Timing: inner; dur=4
X-Parent-Response-Time: 8,23.210.250.183

{"code":40104,"message":"The access_token is empty.","request_id":"20230805113307BB8C21344307296B9FF1"}

2023-08-05T12:11:36+00:00 DEBUG Tt4b_Pixel_Class::inject_view_content_event: hit ViewContent
2023-08-05T12:11:36+00:00 DEBUG Tt4b_Pixel_Class::inject_view_content_event: Missing option "access_token"
2023-08-05T14:57:48+00:00 DEBUG Tt4b_Pixel_Class::inject_view_content_event: hit ViewContent
2023-08-05T14:57:49+00:00 DEBUG Tt4b_Pixel_Class::inject_view_content_event: Missing option "access_token"
2023-08-05T16:46:10+00:00 DEBUG Tt4b_Pixel_Class::inject_view_content_event: hit ViewContent
2023-08-05T16:46:10+00:00 DEBUG Tt4b_Pixel_Class::inject_view_content_event: Missing option "access_token"
2023-08-05T16:46:15+00:00 DEBUG Tt4b_Pixel_Class::inject_view_content_event: hit ViewContent
2023-08-05T16:46:15+00:00 DEBUG Tt4b_Pixel_Class::inject_view_content_event: Missing option "access_token"
2023-08-05T17:29:58+00:00 DEBUG Tt4b_Pixel_Class::inject_view_content_event: hit ViewContent
2023-08-05T17:29:58+00:00 DEBUG Tt4b_Pixel_Class::inject_view_content_event: Missing option "access_token"
2023-08-05T18:11:00+00:00 DEBUG Tt4b_Pixel_Class::inject_view_content_event: hit ViewContent
2023-08-05T18:11:00+00:00 DEBUG Tt4b_Pixel_Class::inject_view_content_event: Missing option "access_token"
2023-08-05T20:25:04+00:00 DEBUG Tt4b_Pixel_Class::inject_view_content_event: hit ViewContent
2023-08-05T20:25:04+00:00 DEBUG Tt4b_Pixel_Class::inject_view_content_event: Missing option "access_token"
2023-08-05T21:15:36+00:00 DEBUG Tt4b_Pixel_Class::inject_view_content_event: hit ViewContent
2023-08-05T21:15:36+00:00 DEBUG Tt4b_Pixel_Class::inject_view_content_event: Missing option "access_token"
2023-08-05T22:49:06+00:00 DEBUG Tt4b_Pixel_Class::inject_view_content_event: hit ViewContent
2023-08-05T22:49:06+00:00 DEBUG Tt4b_Pixel_Class::inject_view_content_event: Missing option "access_token"
2023-08-05T22:55:13+00:00 DEBUG Tt4b_Pixel_Class::inject_view_content_event: hit ViewContent
2023-08-05T22:55:13+00:00 DEBUG Tt4b_Pixel_Class::inject_view_content_event: Missing option "access_token"
